<?xml version="1.0" encoding="UTF-8"?>
<!-- Generated by org.testng.reporters.JUnitReportReporter -->
<testsuite hostname="LAPTOP-DN3J840J" failures="0" tests="6" name="api.test.DataDrivenTest" time="2.569" errors="0" timestamp="2023-05-23T20:33:35 CDT" skipped="0">
  <testcase classname="api.test.DataDrivenTest" name="testPostUser" time="0.227"/>
  <system-out/>
  <testcase classname="api.test.DataDrivenTest" name="testPostUser" time="0.232"/>
  <system-out/>
  <testcase classname="api.test.DataDrivenTest" name="testPostUser" time="1.424"/>
  <system-out/>
  <testcase classname="api.test.DataDrivenTest" name="testDeleteUser" time="0.236"/>
  <system-out/>
  <testcase classname="api.test.DataDrivenTest" name="testDeleteUser" time="0.223"/>
  <system-out/>
  <testcase classname="api.test.DataDrivenTest" name="testDeleteUser" time="0.227"/>
  <system-out/>
</testsuite> <!-- api.test.DataDrivenTest -->
